2017-03-25 05:25:09.361 o.a.s.d.supervisor [INFO] Starting supervisor for storm version '1.0.1'
2017-03-25 05:25:11.117 o.a.s.d.supervisor [INFO] Starting Supervisor with conf {"topology.builtin.metrics.bucket.size.secs" 60, "nimbus.childopts" "-Xmx1024m", "ui.filter.params" nil, "storm.cluster.mode" "distributed", "storm.messaging.netty.client_worker_threads" 1, "logviewer.max.per.worker.logs.size.mb" 2048, "supervisor.run.worker.as.user" false, "topology.max.task.parallelism" nil, "topology.priority" 29, "zmq.threads" 1, "storm.group.mapping.service" "org.apache.storm.security.auth.ShellBasedGroupsMapping", "transactional.zookeeper.root" "/transactional", "topology.sleep.spout.wait.strategy.time.ms" 1, "scheduler.display.resource" false, "topology.max.replication.wait.time.sec" 60, "drpc.invocations.port" 3773, "supervisor.localizer.cache.target.size.mb" 10240, "topology.multilang.serializer" "org.apache.storm.multilang.JsonSerializer", "storm.messaging.netty.server_worker_threads" 1, "nimbus.blobstore.class" "org.apache.storm.blobstore.LocalFsBlobStore", "resource.aware.scheduler.eviction.strategy" "org.apache.storm.scheduler.resource.strategies.eviction.DefaultEvictionStrategy", "topology.max.error.report.per.interval" 5, "storm.thrift.transport" "org.apache.storm.security.auth.SimpleTransportPlugin", "zmq.hwm" 0, "storm.group.mapping.service.params" nil, "worker.profiler.enabled" false, "storm.principal.tolocal" "org.apache.storm.security.auth.DefaultPrincipalToLocal", "supervisor.worker.shutdown.sleep.secs" 1, "pacemaker.host" "localhost", "storm.zookeeper.retry.times" 5, "ui.actions.enabled" true, "zmq.linger.millis" 5000, "supervisor.enable" true, "topology.stats.sample.rate" 0.05, "storm.messaging.netty.min_wait_ms" 100, "worker.log.level.reset.poll.secs" 30, "storm.zookeeper.port" 2181, "supervisor.heartbeat.frequency.secs" 5, "topology.enable.message.timeouts" true, "supervisor.cpu.capacity" 400.0, "drpc.worker.threads" 64, "supervisor.blobstore.download.thread.count" 5, "drpc.queue.size" 128, "topology.backpressure.enable" true, "supervisor.blobstore.class" "org.apache.storm.blobstore.NimbusBlobStore", "storm.blobstore.inputstream.buffer.size.bytes" 65536, "topology.shellbolt.max.pending" 100, "drpc.https.keystore.password" "", "nimbus.code.sync.freq.secs" 120, "logviewer.port" 8000, "topology.scheduler.strategy" "org.apache.storm.scheduler.resource.strategies.scheduling.DefaultResourceAwareStrategy", "topology.executor.send.buffer.size" 1024, "resource.aware.scheduler.priority.strategy" "org.apache.storm.scheduler.resource.strategies.priority.DefaultSchedulingPriorityStrategy", "pacemaker.auth.method" "NONE", "storm.daemon.metrics.reporter.plugins" ["org.apache.storm.daemon.metrics.reporters.JmxPreparableReporter"], "topology.worker.logwriter.childopts" "-Xmx64m", "topology.spout.wait.strategy" "org.apache.storm.spout.SleepSpoutWaitStrategy", "ui.host" "0.0.0.0", "storm.nimbus.retry.interval.millis" 2000, "nimbus.inbox.jar.expiration.secs" 3600, "dev.zookeeper.path" "/tmp/dev-storm-zookeeper", "topology.acker.executors" nil, "topology.fall.back.on.java.serialization" true, "topology.eventlogger.executors" 0, "supervisor.localizer.cleanup.interval.ms" 600000, "storm.zookeeper.servers" ["localhost"], "nimbus.thrift.threads" 64, "logviewer.cleanup.age.mins" 10080, "topology.worker.childopts" nil, "topology.classpath" nil, "supervisor.monitor.frequency.secs" 3, "nimbus.credential.renewers.freq.secs" 600, "topology.skip.missing.kryo.registrations" false, "drpc.authorizer.acl.filename" "drpc-auth-acl.yaml", "pacemaker.kerberos.users" [], "storm.group.mapping.service.cache.duration.secs" 120, "topology.testing.always.try.serialize" false, "nimbus.monitor.freq.secs" 10, "storm.health.check.timeout.ms" 5000, "supervisor.supervisors" [], "topology.tasks" nil, "topology.bolts.outgoing.overflow.buffer.enable" false, "storm.messaging.netty.socket.backlog" 500, "topology.workers" 1, "pacemaker.base.threads" 10, "storm.local.dir" "storm-local", "topology.disable.loadaware" false, "worker.childopts" "-Xmx%HEAP-MEM%m -XX:+PrintGCDetails -Xloggc:artifacts/gc.log -XX:+PrintGCDateStamps -XX:+PrintGCTimeStamps -XX:+UseGCLogFileRotation -XX:NumberOfGCLogFiles=10 -XX:GCLogFileSize=1M -XX:+HeapDumpOnOutOfMemoryError -XX:HeapDumpPath=artifacts/heapdump", "storm.auth.simple-white-list.users" [], "topology.disruptor.batch.timeout.millis" 1, "topology.message.timeout.secs" 30, "topology.state.synchronization.timeout.secs" 60, "topology.tuple.serializer" "org.apache.storm.serialization.types.ListDelegateSerializer", "supervisor.supervisors.commands" [], "nimbus.blobstore.expiration.secs" 600, "logviewer.childopts" "-Xmx128m", "topology.environment" nil, "topology.debug" false, "topology.disruptor.batch.size" 100, "storm.messaging.netty.max_retries" 300, "ui.childopts" "-Xmx768m", "storm.network.topography.plugin" "org.apache.storm.networktopography.DefaultRackDNSToSwitchMapping", "storm.zookeeper.session.timeout" 20000, "drpc.childopts" "-Xmx768m", "drpc.http.creds.plugin" "org.apache.storm.security.auth.DefaultHttpCredentialsPlugin", "storm.zookeeper.connection.timeout" 15000, "storm.zookeeper.auth.user" nil, "storm.meta.serialization.delegate" "org.apache.storm.serialization.GzipThriftSerializationDelegate", "topology.max.spout.pending" nil, "storm.codedistributor.class" "org.apache.storm.codedistributor.LocalFileSystemCodeDistributor", "nimbus.supervisor.timeout.secs" 60, "nimbus.task.timeout.secs" 30, "drpc.port" 3772, "pacemaker.max.threads" 50, "storm.zookeeper.retry.intervalceiling.millis" 30000, "nimbus.thrift.port" 6627, "storm.auth.simple-acl.admins" [], "topology.component.cpu.pcore.percent" 10.0, "supervisor.memory.capacity.mb" 3072.0, "storm.nimbus.retry.times" 5, "supervisor.worker.start.timeout.secs" 120, "storm.zookeeper.retry.interval" 1000, "logs.users" nil, "worker.profiler.command" "flight.bash", "transactional.zookeeper.port" nil, "drpc.max_buffer_size" 1048576, "pacemaker.thread.timeout" 10, "task.credentials.poll.secs" 30, "drpc.https.keystore.type" "JKS", "topology.worker.receiver.thread.count" 1, "topology.state.checkpoint.interval.ms" 1000, "supervisor.slots.ports" [6700 6701 6702 6703], "topology.transfer.buffer.size" 1024, "storm.health.check.dir" "healthchecks", "topology.worker.shared.thread.pool.size" 4, "drpc.authorizer.acl.strict" false, "nimbus.file.copy.expiration.secs" 600, "worker.profiler.childopts" "-XX:+UnlockCommercialFeatures -XX:+FlightRecorder", "topology.executor.receive.buffer.size" 1024, "backpressure.disruptor.low.watermark" 0.4, "nimbus.task.launch.secs" 120, "storm.local.mode.zmq" false, "storm.messaging.netty.buffer_size" 5242880, "storm.cluster.state.store" "org.apache.storm.cluster_state.zookeeper_state_factory", "worker.heartbeat.frequency.secs" 1, "storm.log4j2.conf.dir" "log4j2", "ui.http.creds.plugin" "org.apache.storm.security.auth.DefaultHttpCredentialsPlugin", "storm.zookeeper.root" "/storm", "topology.tick.tuple.freq.secs" nil, "drpc.https.port" -1, "storm.workers.artifacts.dir" "workers-artifacts", "supervisor.blobstore.download.max_retries" 3, "task.refresh.poll.secs" 10, "storm.exhibitor.port" 8080, "task.heartbeat.frequency.secs" 3, "pacemaker.port" 6699, "storm.messaging.netty.max_wait_ms" 1000, "nimbus.impersonation.authorizer" "org.apache.storm.security.auth.authorizer.ImpersonationAuthorizer", "topology.component.resources.offheap.memory.mb" 0.0, "drpc.http.port" 3774, "topology.error.throttle.interval.secs" 10, "storm.messaging.transport" "org.apache.storm.messaging.netty.Context", "storm.messaging.netty.authentication" false, "topology.component.resources.onheap.memory.mb" 128.0, "topology.kryo.factory" "org.apache.storm.serialization.DefaultKryoFactory", "worker.gc.childopts" "", "nimbus.topology.validator" "org.apache.storm.nimbus.DefaultTopologyValidator", "nimbus.seeds" ["localhost"], "nimbus.queue.size" 100000, "nimbus.cleanup.inbox.freq.secs" 600, "storm.blobstore.replication.factor" 3, "worker.heap.memory.mb" 768, "logviewer.max.sum.worker.logs.size.mb" 4096, "pacemaker.childopts" "-Xmx1024m", "ui.users" nil, "transactional.zookeeper.servers" nil, "supervisor.worker.timeout.secs" 30, "storm.zookeeper.auth.password" nil, "client.blobstore.class" "org.apache.storm.blobstore.NimbusBlobStore", "supervisor.childopts" "-Xmx256m", "topology.worker.max.heap.size.mb" 768.0, "backpressure.disruptor.high.watermark" 0.9, "ui.filter" nil, "ui.header.buffer.bytes" 4096, "topology.min.replication.count" 1, "topology.disruptor.wait.timeout.millis" 1000, "storm.nimbus.retry.intervalceiling.millis" 60000, "topology.trident.batch.emit.interval.millis" 500, "storm.auth.simple-acl.users" [], "drpc.invocations.threads" 64, "java.library.path" "/usr/local/lib:/opt/local/lib:/usr/lib", "ui.port" 8772, "storm.exhibitor.poll.uripath" "/exhibitor/v1/cluster/list", "storm.messaging.netty.transfer.batch.size" 262144, "logviewer.appender.name" "A1", "nimbus.thrift.max_buffer_size" 1048576, "nimbus.host" "localhost", "storm.auth.simple-acl.users.commands" [], "drpc.request.timeout.secs" 600}
2017-03-25 05:25:11.311 o.a.s.l.Localizer [INFO] Reconstruct localized resource: /opt/apache-storm-1.0.1/storm-local/supervisor/usercache
2017-03-25 05:25:11.315 o.a.s.l.Localizer [WARN] No left over resources found for any user during reconstructing of local resources at: /opt/apache-storm-1.0.1/storm-local/supervisor/usercache
2017-03-25 05:25:11.675 o.a.s.s.o.a.c.f.i.CuratorFrameworkImpl [INFO] Starting
2017-03-25 05:25:11.700 o.a.s.s.o.a.z.ZooKeeper [INFO] Client environment:zookeeper.version=3.4.6-1569965, built on 02/20/2014 09:09 GMT
2017-03-25 05:25:11.714 o.a.s.s.o.a.z.ZooKeeper [INFO] Client environment:host.name=ubuntu-do.localdomain
2017-03-25 05:25:11.715 o.a.s.s.o.a.z.ZooKeeper [INFO] Client environment:java.version=1.8.0_121
2017-03-25 05:25:11.715 o.a.s.s.o.a.z.ZooKeeper [INFO] Client environment:java.vendor=Oracle Corporation
2017-03-25 05:25:11.715 o.a.s.s.o.a.z.ZooKeeper [INFO] Client environment:java.home=/usr/lib/jvm/java-8-openjdk-amd64/jre
2017-03-25 05:25:11.722 o.a.s.s.o.a.z.ZooKeeper [INFO] Client environment:java.class.path=/opt/apache-storm-1.0.1/lib/log4j-core-2.1.jar:/opt/apache-storm-1.0.1/lib/slf4j-api-1.7.7.jar:/opt/apache-storm-1.0.1/lib/minlog-1.3.0.jar:/opt/apache-storm-1.0.1/lib/log4j-over-slf4j-1.6.6.jar:/opt/apache-storm-1.0.1/lib/storm-core-1.0.1.jar:/opt/apache-storm-1.0.1/lib/disruptor-3.3.2.jar:/opt/apache-storm-1.0.1/lib/objenesis-2.1.jar:/opt/apache-storm-1.0.1/lib/kryo-3.0.3.jar:/opt/apache-storm-1.0.1/lib/log4j-slf4j-impl-2.1.jar:/opt/apache-storm-1.0.1/lib/clojure-1.7.0.jar:/opt/apache-storm-1.0.1/lib/log4j-api-2.1.jar:/opt/apache-storm-1.0.1/lib/storm-rename-hack-1.0.1.jar:/opt/apache-storm-1.0.1/lib/reflectasm-1.10.1.jar:/opt/apache-storm-1.0.1/lib/asm-5.0.3.jar:/opt/apache-storm-1.0.1/lib/servlet-api-2.5.jar:/opt/apache-storm-1.0.1/conf
2017-03-25 05:25:11.722 o.a.s.s.o.a.z.ZooKeeper [INFO] Client environment:java.library.path=/usr/local/lib:/opt/local/lib:/usr/lib
2017-03-25 05:25:11.723 o.a.s.s.o.a.z.ZooKeeper [INFO] Client environment:java.io.tmpdir=/tmp
2017-03-25 05:25:11.723 o.a.s.s.o.a.z.ZooKeeper [INFO] Client environment:java.compiler=<NA>
2017-03-25 05:25:11.723 o.a.s.s.o.a.z.ZooKeeper [INFO] Client environment:os.name=Linux
2017-03-25 05:25:11.723 o.a.s.s.o.a.z.ZooKeeper [INFO] Client environment:os.arch=amd64
2017-03-25 05:25:11.723 o.a.s.s.o.a.z.ZooKeeper [INFO] Client environment:os.version=4.4.0-64-generic
2017-03-25 05:25:11.723 o.a.s.s.o.a.z.ZooKeeper [INFO] Client environment:user.name=root
2017-03-25 05:25:11.723 o.a.s.s.o.a.z.ZooKeeper [INFO] Client environment:user.home=/root
2017-03-25 05:25:11.723 o.a.s.s.o.a.z.ZooKeeper [INFO] Client environment:user.dir=/opt/apache-storm-0.9.5
2017-03-25 05:25:11.724 o.a.s.s.o.a.z.ZooKeeper [INFO] Initiating client connection, connectString=localhost:2181 sessionTimeout=20000 watcher=org.apache.storm.shade.org.apache.curator.ConnectionState@508a65bf
2017-03-25 05:25:11.828 o.a.s.s.o.a.z.ClientCnxn [INFO] Opening socket connection to server localhost/127.0.0.1:2181. Will not attempt to authenticate using SASL (unknown error)
2017-03-25 05:25:12.219 o.a.s.s.o.a.z.ClientCnxn [INFO] Socket connection established to localhost/127.0.0.1:2181, initiating session
2017-03-25 05:25:12.260 o.a.s.s.o.a.z.ClientCnxn [INFO] Session establishment complete on server localhost/127.0.0.1:2181, sessionid = 0x15b01e170dc000a, negotiated timeout = 20000
2017-03-25 05:25:12.271 o.a.s.s.o.a.c.f.s.ConnectionStateManager [INFO] State change: CONNECTED
2017-03-25 05:25:12.285 o.a.s.zookeeper [INFO] Zookeeper state update: :connected:none
2017-03-25 05:25:12.330 o.a.s.s.o.a.c.f.i.CuratorFrameworkImpl [INFO] backgroundOperationsLoop exiting
2017-03-25 05:25:12.349 o.a.s.s.o.a.z.ZooKeeper [INFO] Session: 0x15b01e170dc000a closed
2017-03-25 05:25:12.353 o.a.s.s.o.a.z.ClientCnxn [INFO] EventThread shut down
2017-03-25 05:25:12.378 o.a.s.s.o.a.c.f.i.CuratorFrameworkImpl [INFO] Starting
2017-03-25 05:25:12.379 o.a.s.s.o.a.z.ZooKeeper [INFO] Initiating client connection, connectString=localhost:2181/storm sessionTimeout=20000 watcher=org.apache.storm.shade.org.apache.curator.ConnectionState@70887727
2017-03-25 05:25:12.406 o.a.s.s.o.a.z.ClientCnxn [INFO] Opening socket connection to server localhost/127.0.0.1:2181. Will not attempt to authenticate using SASL (unknown error)
2017-03-25 05:25:12.407 o.a.s.s.o.a.z.ClientCnxn [INFO] Socket connection established to localhost/127.0.0.1:2181, initiating session
2017-03-25 05:25:12.411 o.a.s.s.o.a.z.ClientCnxn [INFO] Session establishment complete on server localhost/127.0.0.1:2181, sessionid = 0x15b01e170dc000b, negotiated timeout = 20000
2017-03-25 05:25:12.411 o.a.s.s.o.a.c.f.s.ConnectionStateManager [INFO] State change: CONNECTED
2017-03-25 05:25:12.830 o.a.s.d.supervisor [INFO] Starting supervisor with id e4a4b656-9edb-4d49-9ad7-38c2930556ee at host ubuntu-do.localdomain
2017-03-25 05:25:12.875 o.a.s.d.m.MetricsUtils [INFO] Using statistics reporter plugin:org.apache.storm.daemon.metrics.reporters.JmxPreparableReporter
2017-03-25 05:25:12.885 o.a.s.d.m.r.JmxPreparableReporter [INFO] Preparing...
2017-03-25 05:25:12.977 o.a.s.d.common [INFO] Started statistics report plugin...
2017-03-25 05:30:12.836 o.a.s.c.healthcheck [INFO] ()
2017-03-25 05:35:12.846 o.a.s.c.healthcheck [INFO] ()
2017-03-25 05:40:12.848 o.a.s.c.healthcheck [INFO] ()
2017-03-25 05:45:12.852 o.a.s.c.healthcheck [INFO] ()
2017-03-25 05:50:12.857 o.a.s.c.healthcheck [INFO] ()
2017-03-25 05:55:12.865 o.a.s.c.healthcheck [INFO] ()
2017-03-25 06:00:12.869 o.a.s.c.healthcheck [INFO] ()
2017-03-25 06:05:12.875 o.a.s.c.healthcheck [INFO] ()
2017-03-25 06:10:12.877 o.a.s.c.healthcheck [INFO] ()
2017-03-25 06:15:12.882 o.a.s.c.healthcheck [INFO] ()
2017-03-25 06:20:12.890 o.a.s.c.healthcheck [INFO] ()
2017-03-25 06:25:12.895 o.a.s.c.healthcheck [INFO] ()
2017-03-25 06:30:12.906 o.a.s.c.healthcheck [INFO] ()
2017-03-25 06:35:12.922 o.a.s.c.healthcheck [INFO] ()
2017-03-25 06:40:12.930 o.a.s.c.healthcheck [INFO] ()
2017-03-25 06:45:12.939 o.a.s.c.healthcheck [INFO] ()
2017-03-25 06:50:12.944 o.a.s.c.healthcheck [INFO] ()
2017-03-25 06:55:12.947 o.a.s.c.healthcheck [INFO] ()
2017-03-25 07:00:12.954 o.a.s.c.healthcheck [INFO] ()
2017-03-25 07:05:12.958 o.a.s.c.healthcheck [INFO] ()
2017-03-25 07:10:12.970 o.a.s.c.healthcheck [INFO] ()
2017-03-25 07:15:12.977 o.a.s.c.healthcheck [INFO] ()
2017-03-25 07:20:12.983 o.a.s.c.healthcheck [INFO] ()
2017-03-25 07:25:12.988 o.a.s.c.healthcheck [INFO] ()
2017-03-25 07:30:12.991 o.a.s.c.healthcheck [INFO] ()
2017-03-25 07:35:13.001 o.a.s.c.healthcheck [INFO] ()
2017-03-25 07:40:13.014 o.a.s.c.healthcheck [INFO] ()
2017-03-25 07:45:13.026 o.a.s.c.healthcheck [INFO] ()
2017-03-25 07:50:13.037 o.a.s.c.healthcheck [INFO] ()
2017-03-25 07:55:13.048 o.a.s.c.healthcheck [INFO] ()
2017-03-25 08:00:13.055 o.a.s.c.healthcheck [INFO] ()
2017-03-25 08:05:13.061 o.a.s.c.healthcheck [INFO] ()
2017-03-25 08:10:13.069 o.a.s.c.healthcheck [INFO] ()
2017-03-25 08:15:13.077 o.a.s.c.healthcheck [INFO] ()
2017-03-25 08:20:13.080 o.a.s.c.healthcheck [INFO] ()
2017-03-25 08:25:13.085 o.a.s.c.healthcheck [INFO] ()
2017-03-25 08:30:13.089 o.a.s.c.healthcheck [INFO] ()
2017-03-25 08:35:13.098 o.a.s.c.healthcheck [INFO] ()
2017-03-25 08:47:57.503 o.a.s.d.supervisor [INFO] Starting supervisor for storm version '1.0.1'
2017-03-25 08:47:58.449 o.a.s.d.supervisor [INFO] Starting Supervisor with conf {"topology.builtin.metrics.bucket.size.secs" 60, "nimbus.childopts" "-Xmx1024m", "ui.filter.params" nil, "storm.cluster.mode" "distributed", "storm.messaging.netty.client_worker_threads" 1, "logviewer.max.per.worker.logs.size.mb" 2048, "supervisor.run.worker.as.user" false, "topology.max.task.parallelism" nil, "topology.priority" 29, "zmq.threads" 1, "storm.group.mapping.service" "org.apache.storm.security.auth.ShellBasedGroupsMapping", "transactional.zookeeper.root" "/transactional", "topology.sleep.spout.wait.strategy.time.ms" 1, "scheduler.display.resource" false, "topology.max.replication.wait.time.sec" 60, "drpc.invocations.port" 3773, "supervisor.localizer.cache.target.size.mb" 10240, "topology.multilang.serializer" "org.apache.storm.multilang.JsonSerializer", "storm.messaging.netty.server_worker_threads" 1, "nimbus.blobstore.class" "org.apache.storm.blobstore.LocalFsBlobStore", "resource.aware.scheduler.eviction.strategy" "org.apache.storm.scheduler.resource.strategies.eviction.DefaultEvictionStrategy", "topology.max.error.report.per.interval" 5, "storm.thrift.transport" "org.apache.storm.security.auth.SimpleTransportPlugin", "zmq.hwm" 0, "storm.group.mapping.service.params" nil, "worker.profiler.enabled" false, "storm.principal.tolocal" "org.apache.storm.security.auth.DefaultPrincipalToLocal", "supervisor.worker.shutdown.sleep.secs" 1, "pacemaker.host" "localhost", "storm.zookeeper.retry.times" 5, "ui.actions.enabled" true, "zmq.linger.millis" 5000, "supervisor.enable" true, "topology.stats.sample.rate" 0.05, "storm.messaging.netty.min_wait_ms" 100, "worker.log.level.reset.poll.secs" 30, "storm.zookeeper.port" 2181, "supervisor.heartbeat.frequency.secs" 5, "topology.enable.message.timeouts" true, "supervisor.cpu.capacity" 400.0, "drpc.worker.threads" 64, "supervisor.blobstore.download.thread.count" 5, "drpc.queue.size" 128, "topology.backpressure.enable" true, "supervisor.blobstore.class" "org.apache.storm.blobstore.NimbusBlobStore", "storm.blobstore.inputstream.buffer.size.bytes" 65536, "topology.shellbolt.max.pending" 100, "drpc.https.keystore.password" "", "nimbus.code.sync.freq.secs" 120, "logviewer.port" 8000, "topology.scheduler.strategy" "org.apache.storm.scheduler.resource.strategies.scheduling.DefaultResourceAwareStrategy", "topology.executor.send.buffer.size" 1024, "resource.aware.scheduler.priority.strategy" "org.apache.storm.scheduler.resource.strategies.priority.DefaultSchedulingPriorityStrategy", "pacemaker.auth.method" "NONE", "storm.daemon.metrics.reporter.plugins" ["org.apache.storm.daemon.metrics.reporters.JmxPreparableReporter"], "topology.worker.logwriter.childopts" "-Xmx64m", "topology.spout.wait.strategy" "org.apache.storm.spout.SleepSpoutWaitStrategy", "ui.host" "0.0.0.0", "storm.nimbus.retry.interval.millis" 2000, "nimbus.inbox.jar.expiration.secs" 3600, "dev.zookeeper.path" "/tmp/dev-storm-zookeeper", "topology.acker.executors" nil, "topology.fall.back.on.java.serialization" true, "topology.eventlogger.executors" 0, "supervisor.localizer.cleanup.interval.ms" 600000, "storm.zookeeper.servers" ["localhost"], "nimbus.thrift.threads" 64, "logviewer.cleanup.age.mins" 10080, "topology.worker.childopts" nil, "topology.classpath" nil, "supervisor.monitor.frequency.secs" 3, "nimbus.credential.renewers.freq.secs" 600, "topology.skip.missing.kryo.registrations" false, "drpc.authorizer.acl.filename" "drpc-auth-acl.yaml", "pacemaker.kerberos.users" [], "storm.group.mapping.service.cache.duration.secs" 120, "topology.testing.always.try.serialize" false, "nimbus.monitor.freq.secs" 10, "storm.health.check.timeout.ms" 5000, "supervisor.supervisors" [], "topology.tasks" nil, "topology.bolts.outgoing.overflow.buffer.enable" false, "storm.messaging.netty.socket.backlog" 500, "topology.workers" 1, "pacemaker.base.threads" 10, "storm.local.dir" "storm-local", "topology.disable.loadaware" false, "worker.childopts" "-Xmx%HEAP-MEM%m -XX:+PrintGCDetails -Xloggc:artifacts/gc.log -XX:+PrintGCDateStamps -XX:+PrintGCTimeStamps -XX:+UseGCLogFileRotation -XX:NumberOfGCLogFiles=10 -XX:GCLogFileSize=1M -XX:+HeapDumpOnOutOfMemoryError -XX:HeapDumpPath=artifacts/heapdump", "storm.auth.simple-white-list.users" [], "topology.disruptor.batch.timeout.millis" 1, "topology.message.timeout.secs" 30, "topology.state.synchronization.timeout.secs" 60, "topology.tuple.serializer" "org.apache.storm.serialization.types.ListDelegateSerializer", "supervisor.supervisors.commands" [], "nimbus.blobstore.expiration.secs" 600, "logviewer.childopts" "-Xmx128m", "topology.environment" nil, "topology.debug" false, "topology.disruptor.batch.size" 100, "storm.messaging.netty.max_retries" 300, "ui.childopts" "-Xmx768m", "storm.network.topography.plugin" "org.apache.storm.networktopography.DefaultRackDNSToSwitchMapping", "storm.zookeeper.session.timeout" 20000, "drpc.childopts" "-Xmx768m", "drpc.http.creds.plugin" "org.apache.storm.security.auth.DefaultHttpCredentialsPlugin", "storm.zookeeper.connection.timeout" 15000, "storm.zookeeper.auth.user" nil, "storm.meta.serialization.delegate" "org.apache.storm.serialization.GzipThriftSerializationDelegate", "topology.max.spout.pending" nil, "storm.codedistributor.class" "org.apache.storm.codedistributor.LocalFileSystemCodeDistributor", "nimbus.supervisor.timeout.secs" 60, "nimbus.task.timeout.secs" 30, "drpc.port" 3772, "pacemaker.max.threads" 50, "storm.zookeeper.retry.intervalceiling.millis" 30000, "nimbus.thrift.port" 6627, "storm.auth.simple-acl.admins" [], "topology.component.cpu.pcore.percent" 10.0, "supervisor.memory.capacity.mb" 3072.0, "storm.nimbus.retry.times" 5, "supervisor.worker.start.timeout.secs" 120, "storm.zookeeper.retry.interval" 1000, "logs.users" nil, "worker.profiler.command" "flight.bash", "transactional.zookeeper.port" nil, "drpc.max_buffer_size" 1048576, "pacemaker.thread.timeout" 10, "task.credentials.poll.secs" 30, "drpc.https.keystore.type" "JKS", "topology.worker.receiver.thread.count" 1, "topology.state.checkpoint.interval.ms" 1000, "supervisor.slots.ports" [6700 6701 6702 6703], "topology.transfer.buffer.size" 1024, "storm.health.check.dir" "healthchecks", "topology.worker.shared.thread.pool.size" 4, "drpc.authorizer.acl.strict" false, "nimbus.file.copy.expiration.secs" 600, "worker.profiler.childopts" "-XX:+UnlockCommercialFeatures -XX:+FlightRecorder", "topology.executor.receive.buffer.size" 1024, "backpressure.disruptor.low.watermark" 0.4, "nimbus.task.launch.secs" 120, "storm.local.mode.zmq" false, "storm.messaging.netty.buffer_size" 5242880, "storm.cluster.state.store" "org.apache.storm.cluster_state.zookeeper_state_factory", "worker.heartbeat.frequency.secs" 1, "storm.log4j2.conf.dir" "log4j2", "ui.http.creds.plugin" "org.apache.storm.security.auth.DefaultHttpCredentialsPlugin", "storm.zookeeper.root" "/storm", "topology.tick.tuple.freq.secs" nil, "drpc.https.port" -1, "storm.workers.artifacts.dir" "workers-artifacts", "supervisor.blobstore.download.max_retries" 3, "task.refresh.poll.secs" 10, "storm.exhibitor.port" 8080, "task.heartbeat.frequency.secs" 3, "pacemaker.port" 6699, "storm.messaging.netty.max_wait_ms" 1000, "nimbus.impersonation.authorizer" "org.apache.storm.security.auth.authorizer.ImpersonationAuthorizer", "topology.component.resources.offheap.memory.mb" 0.0, "drpc.http.port" 3774, "topology.error.throttle.interval.secs" 10, "storm.messaging.transport" "org.apache.storm.messaging.netty.Context", "storm.messaging.netty.authentication" false, "topology.component.resources.onheap.memory.mb" 128.0, "topology.kryo.factory" "org.apache.storm.serialization.DefaultKryoFactory", "worker.gc.childopts" "", "nimbus.topology.validator" "org.apache.storm.nimbus.DefaultTopologyValidator", "nimbus.seeds" ["localhost"], "nimbus.queue.size" 100000, "nimbus.cleanup.inbox.freq.secs" 600, "storm.blobstore.replication.factor" 3, "worker.heap.memory.mb" 768, "logviewer.max.sum.worker.logs.size.mb" 4096, "pacemaker.childopts" "-Xmx1024m", "ui.users" nil, "transactional.zookeeper.servers" nil, "supervisor.worker.timeout.secs" 30, "storm.zookeeper.auth.password" nil, "client.blobstore.class" "org.apache.storm.blobstore.NimbusBlobStore", "supervisor.childopts" "-Xmx256m", "topology.worker.max.heap.size.mb" 768.0, "backpressure.disruptor.high.watermark" 0.9, "ui.filter" nil, "ui.header.buffer.bytes" 4096, "topology.min.replication.count" 1, "topology.disruptor.wait.timeout.millis" 1000, "storm.nimbus.retry.intervalceiling.millis" 60000, "topology.trident.batch.emit.interval.millis" 500, "storm.auth.simple-acl.users" [], "drpc.invocations.threads" 64, "java.library.path" "/usr/local/lib:/opt/local/lib:/usr/lib", "ui.port" 8772, "storm.exhibitor.poll.uripath" "/exhibitor/v1/cluster/list", "storm.messaging.netty.transfer.batch.size" 262144, "logviewer.appender.name" "A1", "nimbus.thrift.max_buffer_size" 1048576, "nimbus.host" "localhost", "storm.auth.simple-acl.users.commands" [], "drpc.request.timeout.secs" 600}
2017-03-25 08:47:58.609 o.a.s.l.Localizer [INFO] Reconstruct localized resource: /opt/apache-storm-1.0.1/storm-local/supervisor/usercache
2017-03-25 08:47:58.620 o.a.s.l.Localizer [WARN] No left over resources found for any user during reconstructing of local resources at: /opt/apache-storm-1.0.1/storm-local/supervisor/usercache
2017-03-25 08:47:59.053 o.a.s.s.o.a.c.f.i.CuratorFrameworkImpl [INFO] Starting
2017-03-25 08:47:59.083 o.a.s.s.o.a.z.ZooKeeper [INFO] Client environment:zookeeper.version=3.4.6-1569965, built on 02/20/2014 09:09 GMT
2017-03-25 08:47:59.086 o.a.s.s.o.a.z.ZooKeeper [INFO] Client environment:host.name=ubuntu-do.localdomain
2017-03-25 08:47:59.087 o.a.s.s.o.a.z.ZooKeeper [INFO] Client environment:java.version=1.8.0_121
2017-03-25 08:47:59.087 o.a.s.s.o.a.z.ZooKeeper [INFO] Client environment:java.vendor=Oracle Corporation
2017-03-25 08:47:59.087 o.a.s.s.o.a.z.ZooKeeper [INFO] Client environment:java.home=/usr/lib/jvm/java-8-openjdk-amd64/jre
2017-03-25 08:47:59.087 o.a.s.s.o.a.z.ZooKeeper [INFO] Client environment:java.class.path=/opt/apache-storm-1.0.1/lib/log4j-core-2.1.jar:/opt/apache-storm-1.0.1/lib/slf4j-api-1.7.7.jar:/opt/apache-storm-1.0.1/lib/minlog-1.3.0.jar:/opt/apache-storm-1.0.1/lib/log4j-over-slf4j-1.6.6.jar:/opt/apache-storm-1.0.1/lib/storm-core-1.0.1.jar:/opt/apache-storm-1.0.1/lib/disruptor-3.3.2.jar:/opt/apache-storm-1.0.1/lib/objenesis-2.1.jar:/opt/apache-storm-1.0.1/lib/kryo-3.0.3.jar:/opt/apache-storm-1.0.1/lib/log4j-slf4j-impl-2.1.jar:/opt/apache-storm-1.0.1/lib/clojure-1.7.0.jar:/opt/apache-storm-1.0.1/lib/log4j-api-2.1.jar:/opt/apache-storm-1.0.1/lib/storm-rename-hack-1.0.1.jar:/opt/apache-storm-1.0.1/lib/reflectasm-1.10.1.jar:/opt/apache-storm-1.0.1/lib/asm-5.0.3.jar:/opt/apache-storm-1.0.1/lib/servlet-api-2.5.jar:/opt/apache-storm-1.0.1/conf
2017-03-25 08:47:59.087 o.a.s.s.o.a.z.ZooKeeper [INFO] Client environment:java.library.path=/usr/local/lib:/opt/local/lib:/usr/lib
2017-03-25 08:47:59.087 o.a.s.s.o.a.z.ZooKeeper [INFO] Client environment:java.io.tmpdir=/tmp
2017-03-25 08:47:59.087 o.a.s.s.o.a.z.ZooKeeper [INFO] Client environment:java.compiler=<NA>
2017-03-25 08:47:59.087 o.a.s.s.o.a.z.ZooKeeper [INFO] Client environment:os.name=Linux
2017-03-25 08:47:59.087 o.a.s.s.o.a.z.ZooKeeper [INFO] Client environment:os.arch=amd64
2017-03-25 08:47:59.087 o.a.s.s.o.a.z.ZooKeeper [INFO] Client environment:os.version=4.4.0-64-generic
2017-03-25 08:47:59.087 o.a.s.s.o.a.z.ZooKeeper [INFO] Client environment:user.name=root
2017-03-25 08:47:59.087 o.a.s.s.o.a.z.ZooKeeper [INFO] Client environment:user.home=/root
2017-03-25 08:47:59.087 o.a.s.s.o.a.z.ZooKeeper [INFO] Client environment:user.dir=/root
2017-03-25 08:47:59.088 o.a.s.s.o.a.z.ZooKeeper [INFO] Initiating client connection, connectString=localhost:2181 sessionTimeout=20000 watcher=org.apache.storm.shade.org.apache.curator.ConnectionState@65bdd558
2017-03-25 08:47:59.216 o.a.s.s.o.a.z.ClientCnxn [INFO] Opening socket connection to server localhost/127.0.0.1:2181. Will not attempt to authenticate using SASL (unknown error)
2017-03-25 08:47:59.663 o.a.s.s.o.a.z.ClientCnxn [INFO] Socket connection established to localhost/127.0.0.1:2181, initiating session
2017-03-25 08:47:59.689 o.a.s.s.o.a.z.ClientCnxn [INFO] Session establishment complete on server localhost/127.0.0.1:2181, sessionid = 0x15b01e170dc0011, negotiated timeout = 20000
2017-03-25 08:47:59.711 o.a.s.s.o.a.c.f.s.ConnectionStateManager [INFO] State change: CONNECTED
2017-03-25 08:47:59.716 o.a.s.zookeeper [INFO] Zookeeper state update: :connected:none
2017-03-25 08:47:59.770 o.a.s.s.o.a.c.f.i.CuratorFrameworkImpl [INFO] backgroundOperationsLoop exiting
2017-03-25 08:47:59.782 o.a.s.s.o.a.z.ClientCnxn [INFO] EventThread shut down
2017-03-25 08:47:59.783 o.a.s.s.o.a.z.ZooKeeper [INFO] Session: 0x15b01e170dc0011 closed
2017-03-25 08:47:59.799 o.a.s.s.o.a.c.f.i.CuratorFrameworkImpl [INFO] Starting
2017-03-25 08:47:59.802 o.a.s.s.o.a.z.ZooKeeper [INFO] Initiating client connection, connectString=localhost:2181/storm sessionTimeout=20000 watcher=org.apache.storm.shade.org.apache.curator.ConnectionState@5af8bb51
2017-03-25 08:47:59.826 o.a.s.s.o.a.z.ClientCnxn [INFO] Opening socket connection to server localhost/127.0.0.1:2181. Will not attempt to authenticate using SASL (unknown error)
2017-03-25 08:47:59.833 o.a.s.s.o.a.z.ClientCnxn [INFO] Socket connection established to localhost/127.0.0.1:2181, initiating session
2017-03-25 08:47:59.837 o.a.s.s.o.a.z.ClientCnxn [INFO] Session establishment complete on server localhost/127.0.0.1:2181, sessionid = 0x15b01e170dc0012, negotiated timeout = 20000
2017-03-25 08:47:59.838 o.a.s.s.o.a.c.f.s.ConnectionStateManager [INFO] State change: CONNECTED
2017-03-25 08:48:00.154 o.a.s.d.supervisor [INFO] Starting supervisor with id e4a4b656-9edb-4d49-9ad7-38c2930556ee at host ubuntu-do.localdomain
2017-03-25 08:48:00.171 o.a.s.d.m.MetricsUtils [INFO] Using statistics reporter plugin:org.apache.storm.daemon.metrics.reporters.JmxPreparableReporter
2017-03-25 08:48:00.175 o.a.s.d.m.r.JmxPreparableReporter [INFO] Preparing...
2017-03-25 08:48:00.200 o.a.s.d.common [INFO] Started statistics report plugin...
2017-03-25 08:53:00.176 o.a.s.c.healthcheck [INFO] ()
2017-03-25 08:58:00.185 o.a.s.c.healthcheck [INFO] ()
2017-03-25 09:03:00.190 o.a.s.c.healthcheck [INFO] ()
2017-03-25 09:08:00.194 o.a.s.c.healthcheck [INFO] ()
2017-03-25 09:13:00.197 o.a.s.c.healthcheck [INFO] ()
2017-03-25 09:18:00.201 o.a.s.c.healthcheck [INFO] ()
2017-03-25 09:23:00.204 o.a.s.c.healthcheck [INFO] ()
